00000000 PRG 2021-01-22 18:34:01 11552 14068 "Loading plugin C:\Program Files\HPCCSystems\7.8.22\clienttools\plugins\auditlib.dll[lib_auditlib] version = AUDITLIB 1.0.1"
00000001 PRG 2021-01-22 18:34:01 11552 14068 "Loading library C:\Program Files\HPCCSystems\7.8.22\clienttools\plugins\couchbase.ecllib"
00000002 PRG 2021-01-22 18:34:01 11552 14068 "Loading plugin C:\Program Files\HPCCSystems\7.8.22\clienttools\plugins\debugservices.dll[lib_debugservices] version = DEBUGSERVICES 1.0.1"
00000003 PRG 2021-01-22 18:34:01 11552 14068 "Loading plugin C:\Program Files\HPCCSystems\7.8.22\clienttools\plugins\fileservices.dll[lib_fileservices] version = FILESERVICES 2.1.4"
00000004 PRG 2021-01-22 18:34:01 11552 14068 "Loading library C:\Program Files\HPCCSystems\7.8.22\clienttools\plugins\java.ecllib"
00000005 PRG 2021-01-22 18:34:01 11552 14068 "Loading library C:\Program Files\HPCCSystems\7.8.22\clienttools\plugins\javascript.ecllib"
00000006 PRG 2021-01-22 18:34:01 11552 14068 "Loading library C:\Program Files\HPCCSystems\7.8.22\clienttools\plugins\kafka.ecllib"
00000007 PRG 2021-01-22 18:34:01 11552 14068 "Loading library C:\Program Files\HPCCSystems\7.8.22\clienttools\plugins\lib_cryptolib.ecllib"
00000008 PRG 2021-01-22 18:34:01 11552 14068 "Loading library C:\Program Files\HPCCSystems\7.8.22\clienttools\plugins\lib_eclblas.ecllib"
00000009 PRG 2021-01-22 18:34:01 11552 14068 "Loading library C:\Program Files\HPCCSystems\7.8.22\clienttools\plugins\lib_h3.ecllib"
0000000A PRG 2021-01-22 18:34:01 11552 14068 "Loading library C:\Program Files\HPCCSystems\7.8.22\clienttools\plugins\lib_keylib.ecllib"
0000000B PRG 2021-01-22 18:34:01 11552 14068 "Loading library C:\Program Files\HPCCSystems\7.8.22\clienttools\plugins\lib_memcached.ecllib"
0000000C PRG 2021-01-22 18:34:01 11552 14068 "Loading library C:\Program Files\HPCCSystems\7.8.22\clienttools\plugins\lib_metaphone.ecllib"
0000000D PRG 2021-01-22 18:34:01 11552 14068 "Loading library C:\Program Files\HPCCSystems\7.8.22\clienttools\plugins\lib_metaphone3.ecllib"
0000000E PRG 2021-01-22 18:34:01 11552 14068 "Loading library C:\Program Files\HPCCSystems\7.8.22\clienttools\plugins\lib_redis.ecllib"
0000000F PRG 2021-01-22 18:34:01 11552 14068 "Loading library C:\Program Files\HPCCSystems\7.8.22\clienttools\plugins\lib_saltlib.ecllib"
00000010 PRG 2021-01-22 18:34:01 11552 14068 "Loading library C:\Program Files\HPCCSystems\7.8.22\clienttools\plugins\lib_thorlib.ecllib"
00000011 PRG 2021-01-22 18:34:01 11552 14068 "Loading library C:\Program Files\HPCCSystems\7.8.22\clienttools\plugins\lib_word.ecllib"
00000012 PRG 2021-01-22 18:34:01 11552 14068 "Loading plugin C:\Program Files\HPCCSystems\7.8.22\clienttools\plugins\logging.dll[lib_logging] version = LOGGING 1.0.1"
00000013 PRG 2021-01-22 18:34:01 11552 14068 "Loading library C:\Program Files\HPCCSystems\7.8.22\clienttools\plugins\mysql.ecllib"
00000014 PRG 2021-01-22 18:34:01 11552 14068 "Loading plugin C:\Program Files\HPCCSystems\7.8.22\clienttools\plugins\parselib.dll[lib_parselib] version = PARSELIB 1.0.1"
00000015 PRG 2021-01-22 18:34:01 11552 14068 "Loading library C:\Program Files\HPCCSystems\7.8.22\clienttools\plugins\python.ecllib"
00000016 PRG 2021-01-22 18:34:01 11552 14068 "Loading library C:\Program Files\HPCCSystems\7.8.22\clienttools\plugins\python3.ecllib"
00000017 PRG 2021-01-22 18:34:01 11552 14068 "Loading library C:\Program Files\HPCCSystems\7.8.22\clienttools\plugins\R.ecllib"
00000018 PRG 2021-01-22 18:34:01 11552 14068 "Loading library C:\Program Files\HPCCSystems\7.8.22\clienttools\plugins\sqlite3.ecllib"
00000019 PRG 2021-01-22 18:34:01 11552 14068 "Loading library C:\Program Files\HPCCSystems\7.8.22\clienttools\plugins\sqs.ecllib"
0000001A PRG 2021-01-22 18:34:01 11552 14068 "Loading plugin C:\Program Files\HPCCSystems\7.8.22\clienttools\plugins\stringlib.dll[lib_stringlib] version = STRINGLIB 1.1.14"
0000001B PRG 2021-01-22 18:34:01 11552 14068 "Loading plugin C:\Program Files\HPCCSystems\7.8.22\clienttools\plugins\timelib.dll[lib_timelib] version = TIMELIB 1.0.0"
0000001C PRG 2021-01-22 18:34:01 11552 14068 "Loading plugin C:\Program Files\HPCCSystems\7.8.22\clienttools\plugins\unicodelib.dll[lib_unicodelib] version = UNICODELIB 1.1.06"
0000001D PRG 2021-01-22 18:34:01 11552 14068 "Loading plugin C:\Program Files\HPCCSystems\7.8.22\clienttools\plugins\workunitservices.dll[lib_WORKUNITSERVICES] version = WORKUNITSERVICES 1.0.2"
0000001E USR 2021-01-22 18:34:01 11552 14068 "WARNING: Cannot create archive from cache for Querys.Barulhos.svcBarulhos because it is not up to date"
0000001F PRG 2021-01-22 18:34:01 11552 14068 "17: CFile::rename(c:\Users\feliri01\Documents\Workspace\mecanix-data\.eclcc\metacache\querys\barulhos\svcbarulhos.cache__ycudqajafuaabskebnqa5fixaaaqaaaa.tmp, c:\Users\feliri01\Documents\Workspace\mecanix-data\.eclcc\metacache\querys\barulhos\svcbarulhos.cache), File exists"
00000020 PRG 2021-01-22 18:34:01 11552 14068 "17: CFile::rename(c:\Users\feliri01\Documents\Workspace\mecanix-data\.eclcc\metacache\mdl\modlayouts.cache__ycudqajafuaabskebnqbzfixaabaaaaa.tmp, c:\Users\feliri01\Documents\Workspace\mecanix-data\.eclcc\metacache\mdl\modlayouts.cache), File exists"
00000021 PRG 2021-01-22 18:34:01 11552 14068 "17: CFile::rename(c:\Users\feliri01\Documents\Workspace\mecanix-data\.eclcc\metacache\common\modconstants.cache__ycudqajafuaabskebnqcrfixaabqaaaa.tmp, c:\Users\feliri01\Documents\Workspace\mecanix-data\.eclcc\metacache\common\modconstants.cache), File exists"
00000022 PRG 2021-01-22 18:34:01 11552 14068 "17: CFile::rename(c:\Users\feliri01\Documents\Workspace\mecanix-data\.eclcc\metacache\lib_stringlib.cache__ycudqajafuaabskebnqdlfixaacaaaaa.tmp, c:\Users\feliri01\Documents\Workspace\mecanix-data\.eclcc\metacache\lib_stringlib.cache), File exists"
00000023 PRG 2021-01-22 18:34:01 11552 14068 "17: CFile::rename(c:\Users\feliri01\Documents\Workspace\mecanix-data\.eclcc\metacache\lib_timelib.cache__ycudqajafuaabskebnqdzfixaacqaaaa.tmp, c:\Users\feliri01\Documents\Workspace\mecanix-data\.eclcc\metacache\lib_timelib.cache), File exists"
00000024 PRG 2021-01-22 18:34:01 11552 14068 "17: CFile::rename(c:\Users\feliri01\Documents\Workspace\mecanix-data\.eclcc\metacache\common\modfunctions.cache__ycudqajafuaabskebnqe3fixaadaaaaa.tmp, c:\Users\feliri01\Documents\Workspace\mecanix-data\.eclcc\metacache\common\modfunctions.cache), File exists"
00000025 PRG 2021-01-22 18:34:01 11552 14068 "17: CFile::rename(c:\Users\feliri01\Documents\Workspace\mecanix-data\.eclcc\metacache\mdl\maccreateindex.cache__ycudqajafuaabskebnqfhfixaadqaaaa.tmp, c:\Users\feliri01\Documents\Workspace\mecanix-data\.eclcc\metacache\mdl\maccreateindex.cache), File exists"
00000026 PRG 2021-01-22 18:34:01 11552 14068 "17: CFile::rename(c:\Users\feliri01\Documents\Workspace\mecanix-data\.eclcc\metacache\python.cache__ycudqajafuaabskebnqfvfixaaeaaaaa.tmp, c:\Users\feliri01\Documents\Workspace\mecanix-data\.eclcc\metacache\python.cache), File exists"
00000027 PRG 2021-01-22 18:34:01 11552 14068 "17: CFile::rename(c:\Users\feliri01\Documents\Workspace\mecanix-data\.eclcc\metacache\common\modkey.cache__ycudqajafuaabskebnqf3fixaaeqaaaa.tmp, c:\Users\feliri01\Documents\Workspace\mecanix-data\.eclcc\metacache\common\modkey.cache), File exists"
00000028 PRG 2021-01-22 18:34:01 11552 14068 "17: CFile::rename(c:\Users\feliri01\Documents\Workspace\mecanix-data\.eclcc\metacache\common\moderrors.cache__ycudqajafuaabskebnqgdfixaafaaaaa.tmp, c:\Users\feliri01\Documents\Workspace\mecanix-data\.eclcc\metacache\common\moderrors.cache), File exists"
00000029 PRG 2021-01-22 18:34:01 11552 14068 "17: CFile::rename(c:\Users\feliri01\Documents\Workspace\mecanix-data\.eclcc\metacache\lib_fileservices.cache__ycudqajafuaabskebnqgxfixaafqaaaa.tmp, c:\Users\feliri01\Documents\Workspace\mecanix-data\.eclcc\metacache\lib_fileservices.cache), File exists"
0000002A PRG 2021-01-22 18:34:01 11552 14068 "17: CFile::rename(c:\Users\feliri01\Documents\Workspace\mecanix-data\.eclcc\metacache\common\modsuperfile.cache__ycudqajafuaabskebnqhvfixaagaaaaa.tmp, c:\Users\feliri01\Documents\Workspace\mecanix-data\.eclcc\metacache\common\modsuperfile.cache), File exists"
0000002B PRG 2021-01-22 18:34:01 11552 14068 "17: CFile::rename(c:\Users\feliri01\Documents\Workspace\mecanix-data\.eclcc\metacache\lib_logging.cache__ycudqajafuaabskebnqiffixaagqaaaa.tmp, c:\Users\feliri01\Documents\Workspace\mecanix-data\.eclcc\metacache\lib_logging.cache), File exists"
0000002C PRG 2021-01-22 18:34:01 11552 14068 "17: CFile::rename(c:\Users\feliri01\Documents\Workspace\mecanix-data\.eclcc\metacache\mdl\modbarulhos.cache__ycudqajafuaabskebnqipfixaahaaaaa.tmp, c:\Users\feliri01\Documents\Workspace\mecanix-data\.eclcc\metacache\mdl\modbarulhos.cache), File exists"
0000002D PRG 2021-01-22 18:34:01 11552 14068 "17: CFile::rename(c:\Users\feliri01\Documents\Workspace\mecanix-data\.eclcc\metacache\mecanixlt\modfunctions.cache__ycudqajafuaabskebnqkpfixaahqaaaa.tmp, c:\Users\feliri01\Documents\Workspace\mecanix-data\.eclcc\metacache\mecanixlt\modfunctions.cache), File exists"
0000002E PRG 2021-01-22 18:34:01 11552 14068 "17: CFile::rename(c:\Users\feliri01\Documents\Workspace\mecanix-data\.eclcc\metacache\mecanixlt\modpreparedata.cache__ycudqajafuaabskebnqmxfixaaiaaaaa.tmp, c:\Users\feliri01\Documents\Workspace\mecanix-data\.eclcc\metacache\mecanixlt\modpreparedata.cache), File exists"
0000002F PRG 2021-01-22 18:34:01 11552 14068 "17: CFile::rename(c:\Users\feliri01\Documents\Workspace\mecanix-data\.eclcc\metacache\mecanixlt\modconvertdata.cache__ycudqajafuaabskebnqohfixaaiqaaaa.tmp, c:\Users\feliri01\Documents\Workspace\mecanix-data\.eclcc\metacache\mecanixlt\modconvertdata.cache), File exists"
00000030 PRG 2021-01-22 18:34:02 11552 14068 "17: CFile::rename(c:\Users\feliri01\Documents\Workspace\mecanix-data\.eclcc\metacache\mecanixlt\modtraining.cache__ycudqajafuaabssebnqjzfqxaajaaaaa.tmp, c:\Users\feliri01\Documents\Workspace\mecanix-data\.eclcc\metacache\mecanixlt\modtraining.cache), File exists"
00000031 PRG 2021-01-22 18:34:02 11552 14068 "17: CFile::rename(c:\Users\feliri01\Documents\Workspace\mecanix-data\.eclcc\metacache\mdl\modproblemas.cache__ycudqajafuaabssebnqkffqxaajqaaaa.tmp, c:\Users\feliri01\Documents\Workspace\mecanix-data\.eclcc\metacache\mdl\modproblemas.cache), File exists"
00000032 PRG 2021-01-22 18:34:02 11552 14068 "17: CFile::rename(c:\Users\feliri01\Documents\Workspace\mecanix-data\.eclcc\metacache\querys\barulhos\fgetrecords.cache__ycudqajafuaabssebnqkjfqxaakaaaaa.tmp, c:\Users\feliri01\Documents\Workspace\mecanix-data\.eclcc\metacache\querys\barulhos\fgetrecords.cache), File exists"
